TN:
SF:src\operacoes.js
FN:1,sum
FN:7,sub
FN:14,mult
FN:23,div
FN:34,raiz
FN:45,poten
FNF:6
FNH:6
FNDA:5,sum
FNDA:5,sub
FNDA:8,mult
FNDA:9,div
FNDA:4,raiz
FNDA:9,poten
DA:2,5
DA:3,2
DA:5,3
DA:9,5
DA:10,1
DA:12,4
DA:15,8
DA:16,1
DA:18,7
DA:19,1
DA:21,6
DA:24,9
DA:25,1
DA:27,8
DA:28,1
DA:31,7
DA:35,4
DA:36,1
DA:39,3
DA:40,1
DA:42,2
DA:46,9
DA:47,1
DA:49,8
DA:50,1
DA:52,7
DA:59,1
LF:27
LH:27
BRDA:2,0,0,2
BRDA:2,0,1,3
BRDA:2,1,0,5
BRDA:2,1,1,4
BRDA:9,2,0,1
BRDA:9,2,1,4
BRDA:9,3,0,5
BRDA:9,3,1,4
BRDA:15,4,0,1
BRDA:15,4,1,7
BRDA:15,5,0,8
BRDA:15,5,1,7
BRDA:18,6,0,1
BRDA:18,6,1,6
BRDA:18,7,0,7
BRDA:18,7,1,6
BRDA:24,8,0,1
BRDA:24,8,1,8
BRDA:24,9,0,9
BRDA:24,9,1,8
BRDA:27,10,0,1
BRDA:27,10,1,7
BRDA:27,11,0,8
BRDA:27,11,1,7
BRDA:35,12,0,1
BRDA:35,12,1,3
BRDA:39,13,0,1
BRDA:39,13,1,2
BRDA:46,14,0,1
BRDA:46,14,1,8
BRDA:46,15,0,9
BRDA:46,15,1,8
BRDA:49,16,0,1
BRDA:49,16,1,7
BRDA:49,17,0,8
BRDA:49,17,1,7
BRF:36
BRH:36
end_of_record
